<?xml version="1.0" encoding="UTF-8"?>
<!-- Generated by org.testng.reporters.JUnitReportReporter -->
<testsuite hostname="rocky-NUC7i3BNH" failures="0" tests="2" name="com.clover.solution.ui.test.TC002_check_the_search_engine_Google_Normal" time="6.017" errors="0" timestamp="2023-10-31T00:03:57 GMT-04:00" skipped="0">
  <testcase classname="com.clover.solution.ui.test.TC002_check_the_search_engine_Google_Normal" name="TC002_check_the_search_engine_Google_Normal1" time="2.773"/>
  <system-out/>
  <testcase classname="com.clover.solution.ui.test.TC002_check_the_search_engine_Google_Normal" name="TC003_check_the_search_engine_Google_type2" time="3.244"/>
  <system-out/>
</testsuite> <!-- com.clover.solution.ui.test.TC002_check_the_search_engine_Google_Normal -->
