<?xml version="1.0" encoding="UTF-8"?>
<!-- Generated by org.testng.reporters.JUnitReportReporter -->
<testsuite hostname="rocky-NUC7i3BNH" failures="0" tests="1" name="com.clover.solution.ui.test.TC001_check_the_search_engine_google_JSON" time="5.964" errors="0" timestamp="2023-10-30T14:17:33 GMT-04:00" skipped="0">
  <testcase classname="com.clover.solution.ui.test.TC001_check_the_search_engine_google_JSON" name="TC001_check_the_search_engine_google_JSON" time="5.964"/>
  <system-out/>
</testsuite> <!-- com.clover.solution.ui.test.TC001_check_the_search_engine_google_JSON -->
