<?xml version="1.0" encoding="UTF-8"?>
<!-- Generated by org.testng.reporters.JUnitReportReporter -->
<testsuite hostname="rocky-NUC7i3BNH" failures="0" tests="2" name="com.clover.solution.ui.test.TC004_check_the_Clover_Site" time="49.580" errors="0" timestamp="2023-10-30T13:15:03 GMT-04:00" skipped="1">
  <testcase classname="com.clover.solution.ui.test.TC004_check_the_Clover_Site" name="TC004_check_the_Clover_Site_JSON" time="39.692">
    <skipped/>
  </testcase> <!-- TC004_check_the_Clover_Site_JSON -->
  <system-out/>
  <testcase classname="com.clover.solution.ui.test.TC004_check_the_Clover_Site" name="TC004_check_the_Clover_Site_JSON" time="9.888"/>
  <system-out/>
</testsuite> <!-- com.clover.solution.ui.test.TC004_check_the_Clover_Site -->
