<?xml version="1.0" encoding="UTF-8"?>
<!-- Generated by org.testng.reporters.JUnitReportReporter -->
<testsuite hostname="rocky-NUC7i3BNH" failures="0" tests="1" name="com.clover.solution.ui.test.TC003_check_the_search_engine_Google_type2" time="4.190" errors="0" timestamp="2023-10-30T13:41:25 GMT-04:00" skipped="0">
  <testcase classname="com.clover.solution.ui.test.TC003_check_the_search_engine_Google_type2" name="TC003_check_the_search_engine_Google_type" time="4.190"/>
  <system-out/>
</testsuite> <!-- com.clover.solution.ui.test.TC003_check_the_search_engine_Google_type2 -->
