<?xml version="1.0" encoding="UTF-8"?>
<!-- Generated by org.testng.reporters.JUnitReportReporter -->
<testsuite hostname="rocky-NUC7i3BNH" failures="0" tests="2" name="com.clover.solution.ui.test.TC004_check_the_search_engine_bing_exceldata" time="66.557" errors="0" timestamp="2023-10-30T13:41:25 GMT-04:00" skipped="1">
  <testcase classname="com.clover.solution.ui.test.TC004_check_the_search_engine_bing_exceldata" name="TC004_check_the_search_engine_bing_excel" time="62.845">
    <skipped/>
  </testcase> <!-- TC004_check_the_search_engine_bing_excel -->
  <system-out/>
  <testcase classname="com.clover.solution.ui.test.TC004_check_the_search_engine_bing_exceldata" name="TC004_check_the_search_engine_bing_excel" time="3.712"/>
  <system-out/>
</testsuite> <!-- com.clover.solution.ui.test.TC004_check_the_search_engine_bing_exceldata -->
